<?xml version="1.0" encoding="UTF-8"?>
<coverage generated="1776330915933" clover="3.2.0">
  <project timestamp="1776330915933" name="All files">
    <metrics statements="2" coveredstatements="2" conditionals="0" coveredconditionals="0" methods="1" coveredmethods="1" elements="3" coveredelements="3" complexity="0" loc="2" ncloc="2" packages="1" files="1" classes="1"/>
    <file name="HeroBanner.vue" path="/home/fady/Desktop/saqaya-ecom/src/components/home/HeroBanner.vue">
      <metrics statements="2" coveredstatements="2" conditionals="0" coveredconditionals="0" methods="1" coveredmethods="1"/>
      <line num="1" count="83" type="stmt"/>
      <line num="185" count="1" type="stmt"/>
    </file>
  </project>
</coverage>
